<?xml version="1.0" encoding="UTF-8"?>
<testsuite name="com.jaquijada.calculator.CalculatorTest" tests="1" skipped="0" failures="0" errors="0" timestamp="2019-06-07T02:33:00" hostname="localhost.localdomain" time="0.0">
  <properties/>
  <testcase name="testSum" classname="com.jaquijada.calculator.CalculatorTest" time="0.0"/>
  <system-out><![CDATA[]]></system-out>
  <system-err><![CDATA[]]></system-err>
</testsuite>
